<?xml version="1.0" encoding="UTF-8"?>
<testsuite xmlns:xsi="http://www.w3.org/2001/XMLSchema-instance" xsi:noNamespaceSchemaLocation="https://maven.apache.org/surefire/maven-surefire-plugin/xsd/surefire-test-report-3.0.xsd" version="3.0" name="com.mycompany.app.AppTest" time="3.161" tests="4" errors="0" skipped="0" failures="0">
  <properties>
[...]
</properties>
  <testcase name="testGetTasks" classname="com.mycompany.app.AppTest" time="0.957">
    <system-out><![CDATA[19:06:38.029 [main] INFO org.springframework.test.context.support.AnnotationConfigContextLoaderUtils -- Could not detect default configuration classes for test class [com.mycompany.app.AppTest]: AppTest does not declare any static, non-private, non-final, nested classes annotated with @Configuration.
19:06:38.119 [main] INFO org.springframework.boot.test.context.SpringBootTestContextBootstrapper -- Found @SpringBootConfiguration com.mycompany.app.App for test class com.mycompany.app.AppTest

  .   ____          _            __ _ _
 /\\ / ___'_ __ _ _(_)_ __  __ _ \ \ \ \
( ( )\___ | '_ | '_| | '_ \/ _` | \ \ \ \
 \\/  ___)| |_)| | | | | || (_| |  ) ) ) )
  '  |____| .__|_| |_|_| |_\__, | / / / /
 =========|_|==============|___/=/_/_/_/

 :: Spring Boot ::                (v3.4.1)

2025-02-20T19:06:38.481-05:00  INFO 32956 --- [           main] com.mycompany.app.AppTest                : Starting AppTest using Java 17.0.12 with PID 32956 (started by SirPacster in F:\SchoolProgramming\MidTerm_Pipeline)
2025-02-20T19:06:38.482-05:00  INFO 32956 --- [           main] com.mycompany.app.AppTest                : No active profile set, falling back to 1 default profile: "default"
2025-02-20T19:06:39.409-05:00  INFO 32956 --- [           main] o.s.b.w.embedded.tomcat.TomcatWebServer  : Tomcat initialized with port 9090 (http)
2025-02-20T19:06:39.420-05:00  INFO 32956 --- [           main] o.apache.catalina.core.StandardService   : Starting service [Tomcat]
2025-02-20T19:06:39.421-05:00  INFO 32956 --- [           main] o.apache.catalina.core.StandardEngine    : Starting Servlet engine: [Apache Tomcat/10.1.34]
2025-02-20T19:06:39.473-05:00  INFO 32956 --- [           main] o.a.c.c.C.[Tomcat].[localhost].[/]       : Initializing Spring embedded WebApplicationContext
2025-02-20T19:06:39.474-05:00  INFO 32956 --- [           main] w.s.c.ServletWebServerApplicationContext : Root WebApplicationContext: initialization completed in 972 ms
2025-02-20T19:06:39.602-05:00  INFO 32956 --- [           main] o.s.b.a.w.s.WelcomePageHandlerMapping    : Adding welcome page: class path resource [static/index.html]
2025-02-20T19:06:40.054-05:00  INFO 32956 --- [           main] o.s.b.w.embedded.tomcat.TomcatWebServer  : Tomcat started on port 9090 (http) with context path '/'
2025-02-20T19:06:40.061-05:00  INFO 32956 --- [           main] com.mycompany.app.AppTest                : Started AppTest in 1.809 seconds (process running for 2.57)
2025-02-20T19:06:40.910-05:00  INFO 32956 --- [nio-9090-exec-1] o.a.c.c.C.[Tomcat].[localhost].[/]       : Initializing Spring DispatcherServlet 'dispatcherServlet'
2025-02-20T19:06:40.910-05:00  INFO 32956 --- [nio-9090-exec-1] o.s.web.servlet.DispatcherServlet        : Initializing Servlet 'dispatcherServlet'
2025-02-20T19:06:40.911-05:00  INFO 32956 --- [nio-9090-exec-1] o.s.web.servlet.DispatcherServlet        : Completed initialization in 0 ms
]]></system-out>
  </testcase>
  <testcase name="testAddInvalidTask" classname="com.mycompany.app.AppTest" time="0.008"/>
  <testcase name="testAddTask" classname="com.mycompany.app.AppTest" time="0.012"/>
  <testcase name="testRemoveTask" classname="com.mycompany.app.AppTest" time="0.009"/>
</testsuite>